<?xml version="1.0" encoding="UTF-8" standalone="no"?>
<testsuite errors="0" failures="1" name="io.cucumber.core.plugin.JUnitFormatter" skipped="0" tests="3" time="76.904">
<testcase classname="This feature is to test J. P. Morgan home page" name="Validate J. P. Morgan logo is displayed on homepage" time="25.069">
<system-out><![CDATA[Given Browser is open.......................................................passed
Given user is on google search page.........................................passed
When user enters J. P. Morgan in Search Box and hits enter..................passed
And user clicks the first result returned by google.........................passed
Then check J. P. Morgan logo availability in the homepage...................passed
]]></system-out>
</testcase>
<testcase classname="This feature is to test J. P. Morgan home page" name="Validate J. P. Morgan logo is displayed on homepage 2" time="20.514">
<system-out><![CDATA[Given Browser is open.......................................................passed
Given user is on google search page.........................................passed
When user enters JP Morgan in Search Box and hits enter.....................passed
And user clicks the first result returned by google.........................passed
Then check J. P. Morgan logo availability in the homepage...................passed
]]></system-out>
</testcase>
<testcase classname="This feature is to test J. P. Morgan home page" name="Validate J. P. Morgan logo is displayed on homepage 3" time="30.831">
<failure message="timeout: Timed out receiving message from renderer: 20.000&#10;  (Session info: chrome=87.0.4280.66)&#10;Build info: version: '4.0.0-alpha-7', revision: 'de8579b6d5'&#10;System info: host: 'HP', ip: '192.168.29.45', os.name: 'Windows 10', os.arch: 'amd64', os.version: '10.0', java.version: '1.8.0_112'&#10;Driver info: org.openqa.selenium.chrome.ChromeDriver&#10;Capabilities {acceptInsecureCerts: false, browserName: chrome, browserVersion: 87.0.4280.66, chrome: {chromedriverVersion: 87.0.4280.20 (c99e81631faa0..., userDataDir: C:\Users\karteek\AppData\Lo...}, goog:chromeOptions: {debuggerAddress: localhost:60495}, javascriptEnabled: true, networkConnectionEnabled: false, pageLoadStrategy: normal, platform: WINDOWS, platformName: WINDOWS, proxy: Proxy(), setWindowRect: true, strictFileInteractability: false, timeouts: {implicit: 0, pageLoad: 300000, script: 30000}, unhandledPromptBehavior: dismiss and notify, webauthn:virtualAuthenticators: true}&#10;Session ID: 3b390c1c72b9bf094898c979ba464205" type="org.openqa.selenium.TimeoutException"><![CDATA[Given Browser is open.......................................................passed
Given user is on google search page.........................................passed
When user enters JPMorgan in Search Box and hits enter......................passed
And user clicks the first result returned by google.........................failed
Then check J. P. Morgan logo availability in the homepage...................skipped

StackTrace:
org.openqa.selenium.TimeoutException: timeout: Timed out receiving message from renderer: 20.000
  (Session info: chrome=87.0.4280.66)
Build info: version: '4.0.0-alpha-7', revision: 'de8579b6d5'
System info: host: 'HP', ip: '192.168.29.45', os.name: 'Windows 10', os.arch: 'amd64', os.version: '10.0', java.version: '1.8.0_112'
Driver info: org.openqa.selenium.chrome.ChromeDriver
Capabilities {acceptInsecureCerts: false, browserName: chrome, browserVersion: 87.0.4280.66, chrome: {chromedriverVersion: 87.0.4280.20 (c99e81631faa0..., userDataDir: C:\Users\karteek\AppData\Lo...}, goog:chromeOptions: {debuggerAddress: localhost:60495}, javascriptEnabled: true, networkConnectionEnabled: false, pageLoadStrategy: normal, platform: WINDOWS, platformName: WINDOWS, proxy: Proxy(), setWindowRect: true, strictFileInteractability: false, timeouts: {implicit: 0, pageLoad: 300000, script: 30000}, unhandledPromptBehavior: dismiss and notify, webauthn:virtualAuthenticators: true}
Session ID: 3b390c1c72b9bf094898c979ba464205
	at sun.reflect.NativeConstructorAccessorImpl.newInstance0(Native Method)
	at sun.reflect.NativeConstructorAccessorImpl.newInstance(NativeConstructorAccessorImpl.java:62)
	at sun.reflect.DelegatingConstructorAccessorImpl.newInstance(DelegatingConstructorAccessorImpl.java:45)
	at java.lang.reflect.Constructor.newInstance(Constructor.java:423)
	at org.openqa.selenium.remote.codec.w3c.W3CHttpResponseCodec.createException(W3CHttpResponseCodec.java:196)
	at org.openqa.selenium.remote.codec.w3c.W3CHttpResponseCodec.decode(W3CHttpResponseCodec.java:129)
	at org.openqa.selenium.remote.codec.w3c.W3CHttpResponseCodec.decode(W3CHttpResponseCodec.java:53)
	at org.openqa.selenium.remote.HttpCommandExecutor.execute(HttpCommandExecutor.java:167)
	at org.openqa.selenium.remote.service.DriverCommandExecutor.execute(DriverCommandExecutor.java:123)
	at org.openqa.selenium.remote.RemoteWebDriver.execute(RemoteWebDriver.java:501)
	at org.openqa.selenium.remote.RemoteWebElement.execute(RemoteWebElement.java:238)
	at org.openqa.selenium.remote.RemoteWebElement.click(RemoteWebElement.java:79)
	at Pages.SearchResultsPage.clickFirstLink(SearchResultsPage.java:27)
	at StepDefinitions.HomePageSteps.user_clicks_the_first_result_returned_by_google(HomePageSteps.java:51)
	at âœ½.user clicks the first result returned by google(file:///C:/Users/karteek/eclipse-workspace/BDDScenarios/src/test/resources/Features/homepage.feature:13)
]]></failure>
</testcase>
</testsuite>
